<?xml version="1.0" encoding="UTF-8"?>
<!-- Generated by org.testng.reporters.JUnitReportReporter -->
<testsuite hostname="LAPTOP-SMC8HIAI" name="com.findelements.Scenario7New" tests="1" failures="0" timestamp="23 Oct 2019 19:45:56 GMT" time="29.241" errors="0">
  <testcase name="test1" time="29.241" classname="com.findelements.Scenario7New"/>
</testsuite> <!-- com.findelements.Scenario7New -->
