<?xml version="1.0" encoding="UTF-8"?>
<!-- Generated by org.testng.reporters.JUnitReportReporter -->
<testsuite hostname="LAPTOP-SMC8HIAI" name="com.findelements.TestNG" tests="2" failures="0" timestamp="23 Oct 2019 05:39:50 GMT" time="71.178" errors="0">
  <testcase name="testM1" time="29.609" classname="com.findelements.TestNG"/>
  <testcase name="testM" time="41.569" classname="com.findelements.TestNG"/>
</testsuite> <!-- com.findelements.TestNG -->
