<?xml version="1.0" encoding="UTF-8"?>
<!-- Generated by org.testng.reporters.JUnitReportReporter -->
<testsuite hostname="LAPTOP-SMC8HIAI" name="com.findelements.TestDatap" tests="5" failures="0" timestamp="23 Oct 2019 12:01:03 GMT" time="0.016" errors="0">
  <testcase name="test" time="0.000" classname="com.findelements.TestDatap"/>
  <testcase name="test" time="0.012" classname="com.findelements.TestDatap"/>
  <testcase name="test" time="0.002" classname="com.findelements.TestDatap"/>
  <testcase name="test" time="0.001" classname="com.findelements.TestDatap"/>
  <testcase name="test" time="0.001" classname="com.findelements.TestDatap"/>
</testsuite> <!-- com.findelements.TestDatap -->
