<?xml version="1.0" encoding="UTF-8"?>
<!-- Generated by org.testng.reporters.JUnitReportReporter -->
<testsuite hostname="LAPTOP-SMC8HIAI" name="com.findelements.Scenario5New" tests="1" failures="0" timestamp="23 Oct 2019 18:46:21 GMT" time="34.601" errors="0">
  <testcase name="test1" time="34.601" classname="com.findelements.Scenario5New"/>
</testsuite> <!-- com.findelements.Scenario5New -->
