<?xml version="1.0" encoding="UTF-8"?>
<!-- Generated by org.testng.reporters.JUnitReportReporter -->
<testsuite hostname="LAPTOP-SMC8HIAI" name="com.findelements.Scenario8New" tests="1" failures="0" timestamp="24 Oct 2019 04:41:50 GMT" time="36.914" errors="0">
  <testcase name="test1" time="36.914" classname="com.findelements.Scenario8New"/>
</testsuite> <!-- com.findelements.Scenario8New -->
