<?xml version="1.0" encoding="UTF-8"?>
<!-- Generated by org.testng.reporters.JUnitReportReporter -->
<testsuite hostname="LAPTOP-SMC8HIAI" name="com.findelements.Parallel3" tests="1" failures="0" timestamp="24 Oct 2019 07:21:23 GMT" time="53.240" errors="0">
  <testcase name="test1" time="53.240" classname="com.findelements.Parallel3"/>
</testsuite> <!-- com.findelements.Parallel3 -->
