<?xml version="1.0" encoding="UTF-8"?>
<!-- Generated by org.testng.reporters.JUnitReportReporter -->
<testsuite hostname="LAPTOP-SMC8HIAI" name="com.findelements.Map" tests="1" failures="0" timestamp="31 Oct 2019 12:06:55 GMT" time="46.667" errors="0">
  <testcase name="test1" time="46.667" classname="com.findelements.Map"/>
</testsuite> <!-- com.findelements.Map -->
