<?xml version="1.0" encoding="UTF-8"?>
<!-- Generated by org.testng.reporters.JUnitReportReporter -->
<testsuite hostname="LAPTOP-SMC8HIAI" name="com.findelements.TestFB" tests="2" failures="0" timestamp="23 Oct 2019 06:53:39 GMT" time="166.170" errors="0">
  <testcase name="testM1" time="76.043" classname="com.findelements.TestFB"/>
  <testcase name="testM" time="90.127" classname="com.findelements.TestFB"/>
</testsuite> <!-- com.findelements.TestFB -->
