<?xml version="1.0" encoding="UTF-8"?>
<!-- Generated by org.testng.reporters.JUnitReportReporter -->
<testsuite hostname="LAPTOP-SMC8HIAI" name="com.findelements.Demo3Testing" tests="3" failures="0" timestamp="23 Oct 2019 07:37:58 GMT" time="0.000" errors="0">
  <testcase name="Demo" time="0.000" classname="com.findelements.Demo3Testing"/>
  <testcase name="Demo1" time="0.000" classname="com.findelements.Demo3Testing"/>
  <testcase name="Demo2" time="0.000" classname="com.findelements.Demo3Testing"/>
</testsuite> <!-- com.findelements.Demo3Testing -->
