<?xml version="1.0" encoding="UTF-8"?>
<!-- Generated by org.testng.reporters.JUnitReportReporter -->
<testsuite hostname="LAPTOP-SMC8HIAI" name="com.findelements.TestDataChal" tests="12" failures="0" timestamp="24 Oct 2019 18:32:07 GMT" time="0.011" errors="0">
  <testcase name="test" time="0.000" classname="com.findelements.TestDataChal"/>
  <testcase name="test" time="0.006" classname="com.findelements.TestDataChal"/>
  <testcase name="test" time="0.001" classname="com.findelements.TestDataChal"/>
  <testcase name="test" time="0.001" classname="com.findelements.TestDataChal"/>
  <testcase name="test" time="0.000" classname="com.findelements.TestDataChal"/>
  <testcase name="test" time="0.000" classname="com.findelements.TestDataChal"/>
  <testcase name="test" time="0.000" classname="com.findelements.TestDataChal"/>
  <testcase name="test" time="0.000" classname="com.findelements.TestDataChal"/>
  <testcase name="test" time="0.001" classname="com.findelements.TestDataChal"/>
  <testcase name="test" time="0.000" classname="com.findelements.TestDataChal"/>
  <testcase name="test" time="0.001" classname="com.findelements.TestDataChal"/>
  <testcase name="test" time="0.001" classname="com.findelements.TestDataChal"/>
</testsuite> <!-- com.findelements.TestDataChal -->
