<?xml version="1.0" encoding="UTF-8"?>
<!-- Generated by org.testng.reporters.JUnitReportReporter -->
<testsuite hostname="LAPTOP-SMC8HIAI" name="com.findelements.Parallel2" tests="2" failures="0" timestamp="24 Oct 2019 06:04:28 GMT" time="40.623" errors="0">
  <testcase name="test1" time="36.988" classname="com.findelements.Parallel2"/>
  <testcase name="test1" time="3.635" classname="com.findelements.Parallel2"/>
</testsuite> <!-- com.findelements.Parallel2 -->
