<?xml version="1.0" encoding="UTF-8"?>
<!-- Generated by org.testng.reporters.JUnitReportReporter -->
<testsuite hostname="LAPTOP-SMC8HIAI" name="com.findelements.ReadConfig" tests="1" failures="0" timestamp="25 Oct 2019 09:42:48 GMT" time="0.016" errors="0">
  <testcase name="demo" time="0.016" classname="com.findelements.ReadConfig"/>
</testsuite> <!-- com.findelements.ReadConfig -->
