<?xml version="1.0" encoding="UTF-8"?>
<!-- Generated by org.testng.reporters.JUnitReportReporter -->
<testsuite hostname="LAPTOP-SMC8HIAI" name="com.findelements.Scenario6New" tests="1" failures="0" timestamp="23 Oct 2019 20:42:04 GMT" time="32.794" errors="0">
  <testcase name="test1" time="32.794" classname="com.findelements.Scenario6New"/>
</testsuite> <!-- com.findelements.Scenario6New -->
