<?xml version="1.0" encoding="UTF-8"?>
<!-- Generated by org.testng.reporters.JUnitReportReporter -->
<testsuite hostname="LAPTOP-SMC8HIAI" name="com.findelements.Demo2Testing" tests="1" failures="0" timestamp="23 Oct 2019 07:05:03 GMT" time="0.015" errors="0">
  <testcase name="Demo" time="0.015" classname="com.findelements.Demo2Testing"/>
</testsuite> <!-- com.findelements.Demo2Testing -->
