<?xml version="1.0" encoding="UTF-8"?>
<!-- Generated by org.testng.reporters.JUnitReportReporter -->
<testsuite hostname="LAPTOP-SMC8HIAI" name="com.findelements.Urban404" tests="1" failures="0" timestamp="24 Oct 2019 09:56:02 GMT" time="16.643" errors="0">
  <testcase name="test1" time="16.643" classname="com.findelements.Urban404"/>
</testsuite> <!-- com.findelements.Urban404 -->
