<?xml version="1.0" encoding="UTF-8"?>
<!-- Generated by org.testng.reporters.JUnitReportReporter -->
<testsuite hostname="LAPTOP-SMC8HIAI" name="com.findelements.DataProviderDemo" tests="3" failures="0" timestamp="23 Oct 2019 11:25:05 GMT" time="0.011" errors="0">
  <testcase name="createUser" time="0.009" classname="com.findelements.DataProviderDemo"/>
  <testcase name="createUser" time="0.001" classname="com.findelements.DataProviderDemo"/>
  <testcase name="createUser" time="0.001" classname="com.findelements.DataProviderDemo"/>
</testsuite> <!-- com.findelements.DataProviderDemo -->
