<?xml version="1.0" encoding="UTF-8"?>
<!-- Generated by org.testng.reporters.JUnitReportReporter -->
<testsuite hostname="LAPTOP-SMC8HIAI" name="com.findelements.GmailCompareSubject$Scenario6New" tests="1" failures="0" timestamp="24 Oct 2019 15:55:45 GMT" time="47.883" errors="0">
  <testcase name="test1" time="47.883" classname="com.findelements.GmailCompareSubject$Scenario6New"/>
</testsuite> <!-- com.findelements.GmailCompareSubject$Scenario6New -->
